\BOOKMARK [1][-]{section.0.1}{\376\377\000H\000y\000p\000o\000t\000h\000\350\000s\000e\000\040\000d\000'\000i\000n\000f\000o\000r\000m\000a\000t\000i\000o\000n\000\040\000p\000a\000r\000f\000a\000i\000t\000e}{}% 1
\BOOKMARK [1][-]{section.0.2}{\376\377\000O\000m\000n\000i\000p\000r\000\351\000s\000e\000n\000c\000e\000\040\000d\000e\000\040\000l\000'\000i\000n\000c\000e\000r\000t\000i\000t\000u\000d\000e}{}% 2
\BOOKMARK [1][-]{section.0.3}{\376\377\000M\000i\000c\000r\000o\000\351\000c\000o\000n\000o\000m\000i\000e\000\040\000d\000e\000\040\000l\000'\000i\000n\000c\000e\000r\000t\000i\000t\000u\000d\000e}{}% 3
\BOOKMARK [1][-]{section.0.4}{\376\377\000Q\000u\000e\000s\000t\000i\000o\000n\000\040\000d\000e\000\040\000l\040\031\000i\000n\000t\000e\000r\000v\000e\000n\000t\000i\000o\000n\000\040\000d\000e\000\040\000l\000'\000\311\000t\000a\000t}{}% 4
\BOOKMARK [0][-]{chapter.1}{\376\377\000C\000o\000n\000c\000e\000p\000t\000s\000\040\000d\000e\000\040\000b\000a\000s\000e}{}% 5
\BOOKMARK [1][-]{section.1.1}{\376\377\000L\000e\000s\000\040\000l\000o\000t\000e\000r\000i\000e\000s}{chapter.1}% 6
\BOOKMARK [2][-]{subsection.1.1.1}{\376\377\000\311\000c\000r\000i\000t\000u\000r\000e\000\040\000m\000a\000t\000r\000i\000c\000e\000\040\000d\000'\000i\000n\000f\000o\000r\000m\000a\000t\000i\000o\000n}{section.1.1}% 7
\BOOKMARK [2][-]{subsection.1.1.2}{\376\377\000R\000e\000m\000a\000r\000q\000u\000e\000\040\0001\000\040\000:\000\040\000R\000i\000s\000q\000u\000e\000\040\000v\000s\000\040\000i\000n\000c\000e\000r\000t\000i\000t\000u\000d\000e\000\040\000?}{section.1.1}% 8
\BOOKMARK [2][-]{subsection.1.1.3}{\376\377\000R\000e\000m\000a\000r\000q\000u\000e\000\040\0002\000\040\000:\000\040\000U\000n\000i\000v\000e\000r\000s\000\040\000c\000e\000r\000t\000a\000i\000n\000\040\000v\000s\000\040\000i\000n\000c\000e\000r\000t\000a\000i\000n}{section.1.1}% 9
\BOOKMARK [2][-]{subsection.1.1.4}{\376\377\000\311\000c\000r\000i\000t\000u\000r\000e\000\040\000l\000o\000t\000e\000r\000i\000e\000s}{section.1.1}% 10
\BOOKMARK [2][-]{subsection.1.1.5}{\376\377\000E\000x\000e\000m\000p\000l\000e\000\040\0001}{section.1.1}% 11
\BOOKMARK [2][-]{subsection.1.1.6}{\376\377\000E\000x\000e\000m\000p\000l\000e\000\040\0002\000\040\000:\000\040\000a\000s\000s\000u\000r\000a\000n\000c\000e\000\040\000p\000a\000r\000t\000i\000e\000l\000l\000e}{section.1.1}% 12
\BOOKMARK [2][-]{subsection.1.1.7}{\376\377\000E\000x\000e\000m\000p\000l\000e\000\040\0003\000\040\000:\000\040\000j\000e\000u\000\040\000d\000'\000a\000r\000g\000e\000n\000t}{section.1.1}% 13
\BOOKMARK [2][-]{subsection.1.1.8}{\376\377\000E\000x\000e\000m\000p\000l\000e\000\040\0004\000\040\000:\000\040\000r\000i\000s\000q\000u\000e\000\040\000d\000e\000\040\000c\000h\000\364\000m\000a\000g\000e}{section.1.1}% 14
\BOOKMARK [2][-]{subsection.1.1.9}{\376\377\000E\000x\000e\000m\000p\000l\000e\000\040\0005\000\040\000:\000\040\000f\000o\000n\000c\000t\000i\000o\000n\000\040\000d\000e\000\040\000p\000r\000o\000f\000i\000t}{section.1.1}% 15
\BOOKMARK [1][-]{section.1.2}{\376\377\000L\000e\000\040\000c\000r\000i\000t\000\350\000r\000e\000\040\000d\000'\000e\000s\000p\000\351\000r\000a\000n\000c\000e\000\040\000m\000a\000t\000h\000\351\000m\000a\000t\000i\000q\000u\000e}{chapter.1}% 16
\BOOKMARK [2][-]{subsection.1.2.1}{\376\377\000D\000\351\000f\000i\000n\000i\000t\000i\000o\000n}{section.1.2}% 17
\BOOKMARK [1][-]{section.1.3}{\376\377\000L\000e\000\040\000p\000a\000r\000a\000d\000o\000x\000e\000\040\000d\000e\000\040\000S\000t\000\040\000P\000\351\000t\000e\000r\000s\000b\000o\000u\000r\000g}{chapter.1}% 18
\BOOKMARK [2][-]{subsection.1.3.1}{\376\377\000L\000o\000t\000e\000r\000i\000e\000\040\000a\000s\000s\000o\000c\000i\000\351\000e}{section.1.3}% 19
\BOOKMARK [2][-]{subsection.1.3.2}{\376\377\000E\000s\000p\000\351\000r\000a\000n\000c\000e\000\040\000m\000a\000t\000h\000\351\000m\000a\000t\000i\000q\000u\000e}{section.1.3}% 20
\BOOKMARK [1][-]{section.1.4}{\376\377\000L\000e\000\040\000p\000a\000r\000a\000d\000o\000x\000e\000\040\000d\000e\000\040\000l\000'\000a\000s\000s\000u\000r\000a\000n\000c\000e}{chapter.1}% 21
\BOOKMARK [2][-]{subsection.1.4.1}{\376\377\000L\000'\000a\000s\000s\000u\000r\000e\000u\000r}{section.1.4}% 22
\BOOKMARK [2][-]{subsection.1.4.2}{\376\377\000E\000s\000p\000\351\000r\000a\000n\000c\000e\000s\000\040\000m\000a\000t\000h\000\351\000m\000a\000t\000i\000q\000u\000e\000s}{section.1.4}% 23
\BOOKMARK [2][-]{subsection.1.4.3}{\376\377\000D\000e\000m\000a\000n\000d\000e\000\040\000d\000'\000a\000s\000s\000u\000r\000a\000n\000c\000e\000\040\000d\000u\000\040\000p\000a\000r\000t\000i\000c\000u\000l\000i\000e\000r}{section.1.4}% 24
\BOOKMARK [2][-]{subsection.1.4.4}{\376\377\000C\000h\000o\000i\000x\000\040\000d\000e\000\040\000l\000'\000a\000s\000s\000u\000r\000e\000u\000r}{section.1.4}% 25
\BOOKMARK [2][-]{subsection.1.4.5}{\376\377\000O\000f\000f\000r\000e\000\040\000e\000t\000\040\000d\000e\000m\000a\000n\000d\000e\000\040\000d\000'\000a\000s\000s\000u\000r\000a\000n\000c\000e}{section.1.4}% 26
\BOOKMARK [2][-]{subsection.1.4.6}{\376\377\000C\000o\000n\000c\000l\000u\000s\000i\000o\000n\000\040\000s\000u\000r\000\040\000l\000e\000s\000\040\000p\000a\000r\000a\000d\000o\000x\000e\000s}{section.1.4}% 27
\BOOKMARK [1][-]{section.1.5}{\376\377\000N\000e\000u\000t\000r\000a\000l\000i\000t\000\351\000\040\000f\000a\000c\000e\000\040\000a\000u\000\040\000r\000i\000s\000q\000u\000e}{chapter.1}% 28
\BOOKMARK [1][-]{section.1.6}{\376\377\000F\000o\000n\000c\000t\000i\000o\000n\000s\000\040\000d\000e\000\040\000M\000a\000r\000k\000o\000w\000i\000t\000z}{chapter.1}% 29
\BOOKMARK [2][-]{subsection.1.6.1}{\376\377\000D\000\351\000f\000i\000n\000i\000t\000i\000o\000n}{section.1.6}% 30
\BOOKMARK [2][-]{subsection.1.6.2}{\376\377\000A\000t\000t\000i\000t\000u\000d\000e\000\040\000v\000i\000s\000-\000\340\000-\000v\000i\000s\000\040\000d\000u\000\040\000r\000i\000s\000q\000u\000e}{section.1.6}% 31
\BOOKMARK [2][-]{subsection.1.6.3}{\376\377\000C\000o\000u\000r\000b\000e\000s\000\040\000d\000'\000i\000n\000d\000i\000f\000f\000\351\000r\000e\000n\000c\000e\000\040\000d\000e\000\040\000M\000a\000r\000k\000o\000w\000i\000t\000z}{section.1.6}% 32
\BOOKMARK [2][-]{subsection.1.6.4}{\376\377\000F\000o\000n\000c\000t\000i\000o\000n\000\040\000d\000e\000\040\000M\000a\000r\000k\000o\000w\000i\000t\000z\000\040\000l\000i\000n\000\351\000a\000i\000r\000e}{section.1.6}% 33
\BOOKMARK [2][-]{subsection.1.6.5}{\376\377\000E\000x\000e\000m\000p\000l\000e}{section.1.6}% 34
\BOOKMARK [2][-]{subsection.1.6.6}{\376\377\000R\000e\000t\000o\000u\000r\000\040\000s\000u\000r\000\040\000l\000e\000\040\000p\000b\000\040\000d\000e\000\040\000l\000'\000a\000s\000s\000u\000r\000a\000n\000c\000e}{section.1.6}% 35
\BOOKMARK [2][-]{subsection.1.6.7}{\376\377\000\311\000t\000u\000d\000e\000\040\000d\000e\000\040\000l\000a\000\040\000v\000a\000r\000i\000a\000n\000c\000e\000\040\000\050\000i\000.\000e\000.\000\040\000d\000u\000\040\000r\000i\000s\000q\000u\000e\000\051}{section.1.6}% 36
\BOOKMARK [2][-]{subsection.1.6.8}{\376\377\000P\000r\000o\000b\000l\000\350\000m\000e\000\040\000d\000e\000\040\000l\000'\000a\000s\000s\000u\000r\000\351\000\040\000a\000v\000e\000c\000\040\000u\000t\000i\000l\000i\000t\000\351\000\040\000M\000a\000r\000k\000o\000w\000i\000t\000z}{section.1.6}% 37
\BOOKMARK [2][-]{subsection.1.6.9}{\376\377\000I\000n\000d\000e\000m\000n\000i\000t\000\351\000\040\000o\000p\000t\000i\000m\000a\000l\000e}{section.1.6}% 38
\BOOKMARK [2][-]{subsection.1.6.10}{\376\377\000S\000t\000a\000t\000i\000q\000u\000e\000\040\000c\000o\000m\000p\000a\000r\000a\000t\000i\000v\000e}{section.1.6}% 39
\BOOKMARK [1][-]{section.1.7}{\376\377\000A\000u\000t\000r\000e\000s\000\040\000m\000e\000s\000u\000r\000e\000s\000\040\000d\000u\000\040\000r\000i\000s\000q\000u\000e}{chapter.1}% 40
\BOOKMARK [2][-]{subsection.1.7.1}{\376\377\000F\000o\000n\000c\000t\000i\000o\000n\000s\000\040\000s\000\351\000c\000u\000r\000i\000t\000\351\000\040\000d\000'\000a\000b\000o\000r\000d}{section.1.7}% 41
\BOOKMARK [2][-]{subsection.1.7.2}{\376\377\000F\000o\000n\000c\000t\000i\000o\000n\000s\000\040\000M\000a\000x\000i\000m\000i\000n\000\040\000\050\000c\000r\000i\000t\000\350\000r\000e\000\040\000d\000e\000\040\000W\000a\000l\000d\000\051}{section.1.7}% 42
\BOOKMARK [2][-]{subsection.1.7.3}{\376\377\000F\000o\000n\000c\000t\000i\000o\000n\000s\000\040\000M\000a\000x\000i\000m\000a\000x}{section.1.7}% 43
\BOOKMARK [2][-]{subsection.1.7.4}{\376\377\000F\000o\000n\000c\000t\000i\000o\000n\000s\000\040\000d\000e\000\040\000H\000u\000r\000w\000i\000c\000z}{section.1.7}% 44
\BOOKMARK [2][-]{subsection.1.7.5}{\376\377\000F\000o\000n\000c\000t\000i\000o\000n\000s\000\040\000d\000e\000\040\000r\000e\000g\000r\000e\000t\000\040}{section.1.7}% 45
\BOOKMARK [2][-]{subsection.1.7.6}{\376\377\000C\000o\000n\000c\000l\000u\000s\000i\000o\000n\000\040\000s\000u\000r\000\040\000l\000a\000\040\000m\000e\000s\000u\000r\000e\000\040\000d\000u\000\040\000r\000i\000s\000q\000u\000e}{section.1.7}% 46
\BOOKMARK [0][-]{chapter.2}{\376\377\000L\000'\000u\000t\000i\000l\000i\000t\000\351\000\040\000e\000s\000p\000\351\000r\000\351\000e}{}% 47
\BOOKMARK [1][-]{section.2.1}{\376\377\000D\000\351\000f\000i\000n\000i\000t\000i\000o\000n}{chapter.2}% 48
\BOOKMARK [1][-]{section.2.2}{\376\377\000F\000o\000n\000d\000e\000m\000e\000n\000t\000s}{chapter.2}% 49
\BOOKMARK [2][-]{subsection.2.2.1}{\376\377\000B\000e\000r\000n\000o\000u\000l\000l\000i\000\040\000\050\0001\0007\0003\0008\000\051}{section.2.2}% 50
\BOOKMARK [2][-]{subsection.2.2.2}{\376\377\000V\000o\000n\000\040\000N\000e\000u\000m\000a\000n\000n\000\040\000e\000t\000\040\000M\000o\000r\000g\000e\000n\000s\000t\000e\000r\000n\000\040\000\050\0001\0009\0004\0004\000\051}{section.2.2}% 51
\BOOKMARK [2][-]{subsection.2.2.3}{\376\377\000S\000a\000v\000a\000g\000e\000\040\000\050\0001\0009\0005\0004\000\051}{section.2.2}% 52
\BOOKMARK [1][-]{section.2.3}{\376\377\000Q\000u\000e\000l\000q\000u\000e\000s\000\040\000p\000r\000o\000p\000r\000i\000\351\000t\000\351\000s}{chapter.2}% 53
\BOOKMARK [2][-]{subsection.2.3.1}{\376\377\000F\000o\000n\000c\000t\000i\000o\000n\000s\000\040\000g\000l\000o\000b\000a\000l\000e\000s\000\040\000/\000\040\000\351\000l\000\351\000m\000e\000n\000t\000a\000i\000r\000e\000s}{section.2.3}% 54
\BOOKMARK [2][-]{subsection.2.3.2}{\376\377\000U\000n\000i\000c\000i\000t\000\351\000\040\000f\000o\000n\000c\000t\000i\000o\000n\000\040\000d\000'\000u\000t\000i\000l\000i\000t\000\351\000\040\000g\000l\000o\000b\000a\000l\000e}{section.2.3}% 55
\BOOKMARK [2][-]{subsection.2.3.3}{\376\377\000N\000e\000u\000t\000r\000a\000l\000i\000t\000\351\000\040\000f\000a\000c\000e\000\040\000a\000u\000\040\000r\000i\000s\000q\000u\000e}{section.2.3}% 56
\BOOKMARK [1][-]{section.2.4}{\376\377\000A\000p\000p\000l\000i\000c\000a\000t\000i\000o\000n\000\040\000\340\000\040\000l\000'\000a\000s\000s\000u\000r\000a\000n\000c\000e}{chapter.2}% 57
\BOOKMARK [2][-]{subsection.2.4.1}{\376\377\000S\000t\000a\000t\000i\000q\000u\000e\000\040\000c\000o\000m\000p\000a\000r\000a\000t\000i\000v\000e}{section.2.4}% 58
\BOOKMARK [1][-]{section.2.5}{\376\377\000C\000r\000i\000t\000i\000q\000u\000e\000s}{chapter.2}% 59
\BOOKMARK [2][-]{subsection.2.5.1}{\376\377\000A\000x\000i\000o\000m\000e\000s\000\040\000d\000e\000\040\000r\000a\000t\000i\000o\000n\000a\000l\000i\000t\000\351\000\040\000u\000n\000i\000v\000e\000r\000s\000\040\000c\000e\000r\000t\000a\000i\000n}{section.2.5}% 60
\BOOKMARK [2][-]{subsection.2.5.2}{\376\377\000A\000x\000i\000o\000m\000e\000s\000\040\000f\000o\000n\000c\000t\000i\000o\000n\000s\000\040\000d\000'\000u\000t\000i\000l\000i\000t\000\351\000\040\000e\000s\000p\000\351\000r\000\351\000e}{section.2.5}% 61
\BOOKMARK [2][-]{subsection.2.5.3}{\376\377\000P\000a\000r\000a\000d\000o\000x\000e\000\040\000d\000'\000A\000l\000l\000a\000i\000s\000,\000\040\0001\0009\0005\0002}{section.2.5}% 62
\BOOKMARK [2][-]{subsection.2.5.4}{\376\377\000P\000a\000r\000a\000d\000o\000x\000e\000\040\000d\000'\000E\000l\000l\000s\000b\000e\000r\000g\000,\000\040\0001\0009\0006\0001}{section.2.5}% 63
\BOOKMARK [2][-]{subsection.2.5.5}{\376\377\000P\000o\000r\000t\000\351\000e\000\040\000d\000e\000s\000\040\000p\000a\000r\000a\000d\000o\000x\000e\000s}{section.2.5}% 64
\BOOKMARK [2][-]{subsection.2.5.6}{\376\377\000E\000x\000p\000\351\000r\000i\000e\000n\000c\000e\000\040\000d\000e\000\040\000l\000a\000b\000\040\000v\000.\000s\000.\000\040\000v\000i\000e\000\040\000c\000o\000u\000r\000a\000n\000t\000e}{section.2.5}% 65
\BOOKMARK [2][-]{subsection.2.5.7}{\376\377\000A\000r\000g\000u\000m\000e\000n\000t\000\040\000d\000e\000s\000\040\000i\000l\000l\000u\000s\000i\000o\000n\000s\000\040\000d\000'\000o\000p\000t\000i\000q\000u\000e\000s}{section.2.5}% 66
\BOOKMARK [2][-]{subsection.2.5.8}{\376\377\000D\000i\000s\000p\000a\000r\000i\000t\000i\000o\000n\000\040\000d\000e\000s\000\040\000i\000n\000d\000i\000v\000i\000d\000u\000s\000\040\000i\000r\000r\000a\000t\000i\000o\000n\000n\000e\000l\000s}{section.2.5}% 67
\BOOKMARK [2][-]{subsection.2.5.9}{\376\377\000T\000h\000\351\000o\000r\000i\000e\000s\000\040\000a\000l\000t\000e\000r\000n\000a\000t\000i\000v\000e\000s}{section.2.5}% 68
\BOOKMARK [0][-]{chapter.3}{\376\377\000M\000e\000s\000u\000r\000e\000\040\000d\000u\000\040\000r\000i\000s\000q\000u\000e\000\040\000\046\000\040\000d\000e\000g\000r\000\351\000\040\000d\000'\000a\000v\000e\000r\000s\000i\000o\000n}{}% 69
\BOOKMARK [1][-]{section.3.1}{\376\377\000\311\000q\000u\000i\000v\000a\000l\000e\000n\000t\000\040\000c\000e\000r\000t\000a\000i\000n}{chapter.3}% 70
\BOOKMARK [2][-]{subsection.3.1.1}{\376\377\000E\000x\000e\000m\000p\000l\000e}{section.3.1}% 71
\BOOKMARK [2][-]{subsection.3.1.2}{\376\377\000R\000e\000p\000r\000\351\000s\000e\000n\000t\000a\000t\000i\000o\000n\000\040\000g\000r\000a\000p\000h\000i\000q\000u\000e}{section.3.1}% 72
\BOOKMARK [1][-]{section.3.2}{\376\377\000P\000r\000i\000x\000\040\000d\000e\000\040\000v\000e\000n\000t\000e}{chapter.3}% 73
\BOOKMARK [1][-]{section.3.3}{\376\377\000P\000r\000i\000m\000e\000\040\000d\000e\000\040\000r\000i\000s\000q\000u\000e}{chapter.3}% 74
\BOOKMARK [1][-]{section.3.4}{\376\377\000P\000r\000i\000m\000e\000\040\000d\000e\000\040\000r\000i\000s\000q\000u\000e\000\040\000e\000t\000\040\000d\000e\000g\000r\000\351\000\040\000d\000'\000a\000v\000e\000r\000s\000i\000o\000n}{chapter.3}% 75
\BOOKMARK [1][-]{section.3.5}{\376\377\000\040\000L\000e\000s\000\040\000t\000r\000o\000i\000s\000\040\000p\000r\000i\000m\000e\000s\000\040\000d\000e\000\040\000r\000i\000s\000q\000u\000e\000\040\000e\000t\000\040\000l\000e\000s\000\040\000i\000n\000d\000i\000c\000e\000s\000\040\000d\000'\000a\000v\000e\000r\000s\000i\000o\000n\000\040\000a\000s\000s\000o\000c\000i\000\351\000s}{chapter.3}% 76
