\BOOKMARK [1][-]{section.0.1}{\376\377\000Q\000u\000e\000l\000q\000u\000e\000s\000\040\000\351\000l\000\351\000m\000e\000n\000t\000s\000\040\000s\000u\000r\000\040\000l\000'\000e\000n\000t\000r\000e\000p\000r\000i\000s\000e}{}% 1
\BOOKMARK [2][-]{subsection.0.1.1}{\376\377\000E\000n\000t\000r\000e\000p\000r\000i\000s\000e}{section.0.1}% 2
\BOOKMARK [2][-]{subsection.0.1.2}{\376\377\000P\000a\000r\000t\000i\000e\000s\000\040\000p\000r\000e\000n\000a\000n\000t\000e\000s}{section.0.1}% 3
\BOOKMARK [2][-]{subsection.0.1.3}{\376\377\000A\000n\000a\000l\000y\000s\000e}{section.0.1}% 4
\BOOKMARK [2][-]{subsection.0.1.4}{\376\377\000R\000e\000n\000t\000a\000b\000i\000l\000i\000t\000\351\000\040\000e\000t\000\040\000s\000o\000l\000v\000a\000b\000i\000l\000i\000t\000\351}{section.0.1}% 5
\BOOKMARK [2][-]{subsection.0.1.5}{\376\377\000L\000e\000s\000\040\000c\000y\000c\000l\000e\000s\000\040\000d\000e\000\040\000l\000'\000e\000n\000t\000r\000e\000p\000r\000i\000s\000e}{section.0.1}% 6
\BOOKMARK [2][-]{subsection.0.1.6}{\376\377\000C\000y\000c\000l\000e\000\040\000d\000'\000e\000x\000p\000l\000o\000i\000t\000a\000t\000i\000o\000n}{section.0.1}% 7
\BOOKMARK [2][-]{subsection.0.1.7}{\376\377\000P\000h\000a\000s\000e\000s\000\040\000d\000u\000\040\000c\000y\000c\000l\000e\000\040\000d\000'\000e\000x\000p\000l\000o\000i\000t\000a\000t\000i\000o\000n}{section.0.1}% 8
\BOOKMARK [2][-]{subsection.0.1.8}{\376\377\000C\000o\000n\000t\000r\000e\000p\000a\000r\000t\000i\000e}{section.0.1}% 9
\BOOKMARK [2][-]{subsection.0.1.9}{\376\377\000F\000i\000n\000a\000n\000c\000e\000m\000e\000n\000t\000\040\000d\000u\000\040\000c\000y\000c\000l\000e\000\040\000d\000'\000e\000x\000p\000l\000o\000i\000t\000a\000t\000i\000o\000n}{section.0.1}% 10
\BOOKMARK [2][-]{subsection.0.1.10}{\376\377\000C\000y\000c\000l\000e\000\040\000d\000'\000i\000n\000v\000e\000s\000t\000i\000s\000s\000e\000m\000e\000n\000t}{section.0.1}% 11
\BOOKMARK [2][-]{subsection.0.1.11}{\376\377\000C\000y\000c\000l\000e\000\040\000d\000e\000\040\000f\000i\000n\000a\000n\000c\000e\000m\000e\000n\000t}{section.0.1}% 12
\BOOKMARK [2][-]{subsection.0.1.12}{\376\377\000R\000e\000n\000t\000a\000b\000i\000l\000i\000t\000\351\000\040\000e\000t\000\040\000s\000o\000l\000v\000a\000b\000i\000l\000i\000t\000\351}{section.0.1}% 13
\BOOKMARK [1][-]{section.0.2}{\376\377\000I\000n\000f\000o\000r\000m\000a\000t\000i\000o\000n\000\040\000c\000o\000m\000p\000t\000a\000b\000l\000e}{}% 14
\BOOKMARK [2][-]{subsection.0.2.1}{\376\377\000P\000r\000i\000n\000c\000i\000p\000e\000s\000\040\000c\000o\000m\000p\000t\000a\000b\000l\000e\000s}{section.0.2}% 15
\BOOKMARK [2][-]{subsection.0.2.2}{\376\377\000D\000o\000c\000u\000m\000e\000n\000t\000s\000\040\000c\000o\000m\000p\000t\000a\000b\000l\000e\000s}{section.0.2}% 16
\BOOKMARK [1][-]{section.0.3}{\376\377\000A\000n\000n\000e\000x\000e}{}% 17
\BOOKMARK [0][-]{chapter.1}{\376\377\000L\000e\000\040\000b\000i\000l\000a\000n\000\040\000c\000o\000m\000p\000t\000a\000b\000l\000e}{}% 18
\BOOKMARK [1][-]{section.1.1}{\376\377\000A\000n\000a\000l\000y\000s\000e\000\040\000d\000e\000\040\000l\000'\000a\000c\000t\000i\000f}{chapter.1}% 19
\BOOKMARK [2][-]{subsection.1.1.1}{\376\377\000C\000a\000p\000i\000t\000a\000l\000\040\000s\000o\000u\000s\000c\000r\000i\000t\000\040\000n\000o\000n\000\040\000a\000p\000p\000e\000l\000\351}{section.1.1}% 20
\BOOKMARK [2][-]{subsection.1.1.2}{\376\377\000I\000m\000m\000o\000b\000i\000l\000i\000s\000a\000t\000i\000o\000n\000s\000\040\000i\000n\000c\000o\000r\000p\000o\000r\000e\000l\000l\000e\000s}{section.1.1}% 21
\BOOKMARK [2][-]{subsection.1.1.3}{\376\377\000I\000m\000m\000o\000b\000i\000l\000i\000s\000a\000t\000i\000o\000n\000s\000\040\000c\000o\000r\000p\000o\000r\000e\000l\000l\000e\000s}{section.1.1}% 22
\BOOKMARK [2][-]{subsection.1.1.4}{\376\377\000I\000m\000m\000o\000b\000i\000l\000i\000s\000a\000t\000i\000o\000n\000\040\000f\000i\000n\000a\000n\000c\000i\000\350\000r\000e}{section.1.1}% 23
\BOOKMARK [2][-]{subsection.1.1.5}{\376\377\000S\000t\000o\000c\000k}{section.1.1}% 24
\BOOKMARK [2][-]{subsection.1.1.6}{\376\377\000C\000r\000\351\000a\000n\000c\000e\000s\000\040\000e\000t\000\040\000a\000v\000a\000n\000c\000e\000s}{section.1.1}% 25
\BOOKMARK [2][-]{subsection.1.1.7}{\376\377\000T\000r\000\351\000s\000o\000r\000e\000r\000i\000e}{section.1.1}% 26
\BOOKMARK [2][-]{subsection.1.1.8}{\376\377\000C\000o\000m\000p\000t\000e\000s\000\040\000d\000e\000\040\000r\000\351\000g\000u\000l\000a\000r\000i\000s\000a\000t\000i\000o\000n}{section.1.1}% 27
\BOOKMARK [2][-]{subsection.1.1.9}{\376\377\000L\000e\000s\000\040\000p\000r\000i\000n\000c\000i\000p\000a\000u\000x\000\040\000p\000o\000s\000t\000e\000s\000\040\000d\000e\000\040\000l\000'\000a\000c\000t\000i\000f}{section.1.1}% 28
\BOOKMARK [1][-]{section.1.2}{\376\377\000A\000n\000a\000l\000y\000s\000e\000\040\000d\000u\000\040\000p\000a\000s\000s\000i\000f}{chapter.1}% 29
\BOOKMARK [2][-]{subsection.1.2.1}{\376\377\000C\000a\000p\000i\000t\000a\000u\000x\000\040\000p\000r\000o\000p\000r\000e\000s}{section.1.2}% 30
\BOOKMARK [2][-]{subsection.1.2.2}{\376\377\000P\000r\000o\000v\000i\000s\000i\000o\000n\000s\000\040\000p\000o\000u\000r\000\040\000r\000i\000s\000q\000u\000e\000s\000\040\000e\000t\000\040\000c\000h\000a\000r\000g\000e\000s}{section.1.2}% 31
\BOOKMARK [2][-]{subsection.1.2.3}{\376\377\000D\000e\000t\000t\000e\000s}{section.1.2}% 32
\BOOKMARK [2][-]{subsection.1.2.4}{\376\377\000C\000o\000m\000p\000t\000e\000s\000\040\000d\000e\000\040\000r\000\351\000g\000u\000l\000a\000r\000i\000s\000a\000t\000i\000o\000n}{section.1.2}% 33
\BOOKMARK [2][-]{subsection.1.2.5}{\376\377\000T\000r\000\351\000s\000o\000r\000e\000r\000i\000e}{section.1.2}% 34
\BOOKMARK [2][-]{subsection.1.2.6}{\376\377\000L\000e\000s\000\040\000p\000r\000i\000n\000c\000i\000p\000a\000u\000x\000\040\000p\000o\000s\000t\000e\000s\000\040\000d\000u\000\040\000p\000a\000s\000s\000i\000f}{section.1.2}% 35
\BOOKMARK [1][-]{section.1.3}{\376\377\000L\000e\000s\000\040\000c\000o\000m\000p\000t\000e\000s\000\040\000c\000o\000n\000s\000o\000l\000i\000d\000\351\000s}{chapter.1}% 36
\BOOKMARK [2][-]{subsection.1.3.1}{\376\377\000P\000r\000i\000n\000c\000i\000p\000e}{section.1.3}% 37
\BOOKMARK [2][-]{subsection.1.3.2}{\376\377\000P\000l\000a\000n\000\040\000c\000o\000m\000p\000t\000a\000b\000l\000e}{section.1.3}% 38
\BOOKMARK [2][-]{subsection.1.3.3}{\376\377\000R\000e\000p\000r\000\351\000s\000e\000n\000t\000a\000t\000i\000o\000n\000\040\000s\000h\000\351\000m\000a\000t\000i\000q\000u\000e\000\040\000p\000o\000u\000r\000\040\000l\000'\000I\000F\000R\000S\000\040\0009}{section.1.3}% 39
\BOOKMARK [1][-]{section.1.4}{\376\377\000C\000o\000n\000c\000l\000u\000s\000i\000o\000n}{chapter.1}% 40
\BOOKMARK [0][-]{chapter.2}{\376\377\000L\000e\000\040\000c\000o\000m\000p\000t\000e\000\040\000d\000e\000\040\000r\000\351\000s\000u\000l\000t\000a\000t\000\040\000e\000t\000\040\000a\000u\000t\000r\000e\000s\000\040\000d\000o\000c\000u\000m\000e\000n\000t\000s}{}% 41
\BOOKMARK [1][-]{subsection.2.0.1}{\376\377\000C\000o\000m\000p\000t\000e\000\040\000d\000e\000\040\000r\000\351\000s\000u\000l\000t\000a\000t}{chapter.2}% 42
\BOOKMARK [2][-]{subsection.2.0.2}{\376\377\000A\000n\000n\000e\000x\000e}{subsection.2.0.1}% 43
\BOOKMARK [1][-]{section.2.1}{\376\377\000C\000o\000m\000p\000t\000e\000\040\000d\000e\000\040\000r\000\351\000s\000u\000l\000t\000a\000t}{chapter.2}% 44
\BOOKMARK [2][-]{subsection.2.1.1}{\376\377\000\311\000l\000\351\000m\000e\000n\000t\000s\000\040\000d\000u\000\040\000c\000o\000m\000p\000t\000e\000\040\000d\000e\000\040\000r\000\351\000s\000u\000l\000t\000a\000t}{section.2.1}% 45
\BOOKMARK [2][-]{subsection.2.1.2}{\376\377\000R\000e\000m\000a\000r\000q\000u\000e\000s\000\040\000s\000u\000r\000\040\000l\000e\000\040\000c\000h\000i\000f\000f\000r\000e\000\040\000d\000'\000a\000f\000f\000a\000i\000r\000e\000s\000\040\000\050\000C\000A\000\051\000\040\000:}{section.2.1}% 46
\BOOKMARK [2][-]{subsection.2.1.3}{\376\377\000R\000e\000m\000a\000r\000q\000u\000e\000s\000\040\000s\000u\000r\000\040\000l\000a\000\040\000p\000r\000o\000d\000u\000c\000t\000i\000o\000n\000\040\000s\000t\000o\000c\000k\000\351\000e}{section.2.1}% 47
\BOOKMARK [2][-]{subsection.2.1.4}{\376\377\000L\000e\000s\000\040\000C\000h\000a\000r\000g\000e\000s\000\040\000d\000e\000\040\000l\000'\000E\000n\000t\000r\000e\000p\000r\000i\000s\000e}{section.2.1}% 48
\BOOKMARK [1][-]{section.2.2}{\376\377\000C\000o\000m\000p\000t\000e\000\040\000c\000o\000n\000s\000o\000l\000i\000d\000\351\000\040\000e\000t\000\040\000n\000o\000r\000m\000e\000s\000\040\000I\000F\000R\000S}{chapter.2}% 49
\BOOKMARK [1][-]{section.2.3}{\376\377\000L\000'\000a\000n\000n\000e\000x\000e\000\040\000e\000t\000\040\000a\000u\000t\000r\000e\000s\000\040\000d\000o\000c\000u\000m\000e\000n\000t\000s}{chapter.2}% 50
\BOOKMARK [0][-]{chapter.3}{\376\377\000L\000e\000s\000\040\000s\000o\000l\000d\000e\000s\000\040\000i\000n\000t\000e\000r\000m\000d\000i\000a\000i\000r\000e\000s\000\040\000d\000e\000\040\000g\000e\000s\000t\000i\000o\000n}{}% 51
\BOOKMARK [1][-]{section.3.1}{\376\377\000C\000h\000i\000f\000f\000r\000e\000\040\000d\000'\000a\000f\000f\000a\000i\000r\000e\000,\000\040\000p\000r\000o\000d\000u\000c\000t\000i\000o\000n\000\040\000e\000t\000\040\000m\000a\000r\000g\000e\000s}{chapter.3}% 52
\BOOKMARK [2][-]{subsection.3.1.1}{\376\377\000C\000a\000l\000c\000u\000l\000\040\000d\000e\000s\000\040\000m\000a\000r\000g\000e\000s}{section.3.1}% 53
\BOOKMARK [2][-]{subsection.3.1.2}{\376\377\000L\000a\000\040\000m\000a\000r\000g\000e\000\040\000c\000o\000m\000m\000e\000r\000c\000i\000a\000l\000e\000\040\000\050\000M\000C\000\051}{section.3.1}% 54
\BOOKMARK [2][-]{subsection.3.1.3}{\376\377\000M\000a\000r\000g\000e\000\040\000B\000r\000u\000t\000e\000\040\000\050\000M\000B\000\051}{section.3.1}% 55
\BOOKMARK [1][-]{section.3.2}{\376\377\000L\000a\000\040\000v\000a\000l\000e\000u\000r\000\040\000a\000j\000o\000u\000t\000\351\000e}{chapter.3}% 56
\BOOKMARK [1][-]{section.3.3}{\376\377\000L\000'\000E\000x\000c\000\351\000d\000e\000n\000t\000\040\000B\000r\000u\000t\000\040\000d\000'\000E\000x\000p\000l\000o\000i\000t\000a\000t\000i\000o\000n\000\040\000\050\000E\000B\000E\000\051\000\040\000e\000t\000\040\000l\000e\000\040\000r\000\351\000s\000u\000l\000t\000a\000t\000\040\000d\000'\000e\000x\000p\000l\000o\000i\000t\000a\000t\000i\000o\000n\000\040\000\050\000R\000E\000\051}{chapter.3}% 57
\BOOKMARK [1][-]{section.3.4}{\376\377\000L\000e\000\040\000r\000\351\000s\000u\000l\000t\000a\000t\000\040\000c\000o\000u\000r\000a\000n\000t\000\040\000\050\000R\000C\000\051\000\040\000e\000t\000\040\000l\000e\000\040\000r\000\351\000s\000u\000l\000t\000a\000t\000\040\000n\000e\000t\000\040\000\050\000R\000N\000\051}{chapter.3}% 58
\BOOKMARK [1][-]{section.3.5}{\376\377\000L\000a\000\040\000c\000a\000p\000a\000c\000i\000t\000\351\000\040\000d\000'\000a\000u\000t\000o\000f\000i\000n\000a\000n\000c\000e\000m\000e\000n\000t\000\040\000\050\000C\000A\000F\000\051}{chapter.3}% 59
\BOOKMARK [0][-]{chapter.4}{\376\377\000L\000e\000\040\000b\000i\000l\000a\000n\000\040\000f\000i\000n\000a\000n\000c\000i\000e\000r}{}% 60
\BOOKMARK [1][-]{section.4.1}{\376\377\000L\000e\000\040\000r\000e\000c\000l\000a\000s\000s\000e\000m\000e\000n\000t\000\040\000d\000u\000\040\000b\000i\000l\000a\000n}{chapter.4}% 61
\BOOKMARK [2][-]{subsection.4.1.1}{\376\377\000M\000a\000s\000s\000e\000s\000\040\000f\000i\000n\000a\000n\000c\000i\000\350\000r\000e\000s\000\040\000\050\000t\000a\000n\000t\000\040\000\340\000\040\000l\000'\000a\000c\000t\000i\000f\000\040\000q\000u\000'\000a\000u\000\040\000p\000a\000s\000s\000i\000f\000\051}{section.4.1}% 62
\BOOKMARK [2][-]{subsection.4.1.2}{\376\377\000T\000r\000a\000i\000t\000e\000m\000e\000n\000t\000s\000\040\000\340\000\040\000l\000'\000a\000c\000t\000i\000f}{section.4.1}% 63
\BOOKMARK [2][-]{subsection.4.1.3}{\376\377\000T\000r\000a\000i\000t\000e\000m\000e\000n\000t\000s\000\040\000a\000u\000\040\000p\000a\000s\000s\000i\000f}{section.4.1}% 64
\BOOKMARK [1][-]{section.4.2}{\376\377\000L\000e\000s\000\040\000v\000a\000l\000e\000u\000r\000s\000\040\000s\000t\000r\000u\000c\000t\000u\000r\000e\000l\000l\000e}{chapter.4}% 65
\BOOKMARK [2][-]{subsection.4.2.1}{\376\377\000L\000e\000s\000\040\000r\000e\000s\000s\000o\000u\000r\000c\000e\000s\000\040\000p\000r\000o\000p\000r\000e\000s}{section.4.2}% 66
\BOOKMARK [2][-]{subsection.4.2.2}{\376\377\000L\000e\000\040\000f\000o\000n\000d\000s\000\040\000d\000e\000\040\000r\000o\000u\000l\000e\000m\000e\000n\000t\000\040\000\050\000F\000R\000\051}{section.4.2}% 67
\BOOKMARK [2][-]{subsection.4.2.3}{\376\377\000L\000e\000\040\000b\000e\000s\000o\000i\000n\000\040\000e\000n\000\040\000f\000o\000n\000d\000s\000\040\000d\000e\000\040\000r\000o\000u\000l\000e\000m\000e\000n\000t\000\040\000\050\000B\000F\000R\000\051}{section.4.2}% 68
\BOOKMARK [2][-]{subsection.4.2.4}{\376\377\000L\000a\000\040\000t\000r\000\351\000s\000o\000r\000e\000r\000i\000e\000\040\000n\000e\000t\000t\000e\000\040\000\050\000T\000N\000\051}{section.4.2}% 69
\BOOKMARK [2][-]{subsection.4.2.5}{\376\377\000N\000o\000r\000m\000e\000s\000\040\000s\000u\000r\000\040\000l\000e\000s\000\040\000v\000a\000l\000e\000u\000r\000s\000\040\000s\000t\000r\000u\000c\000t\000u\000r\000e\000l\000l\000e\000s}{section.4.2}% 70
\BOOKMARK [1][-]{section.4.3}{\376\377\000S\000i\000t\000u\000a\000t\000i\000o\000n\000s\000\040\000t\000y\000p\000e\000s}{chapter.4}% 71
\BOOKMARK [2][-]{subsection.4.3.1}{\376\377\000S\000i\000t\000u\000a\000t\000i\000o\000n\000\040\000s\000o\000u\000t\000e\000n\000a\000b\000l\000e\000\040\000\050\000d\000e\000\040\000r\000\351\000f\000\351\000r\000e\000n\000c\000e\000\051}{section.4.3}% 72
\BOOKMARK [2][-]{subsection.4.3.2}{\376\377\000F\000R\000\040\000n\000\351\000g\000a\000t\000i\000f\000\040\000e\000t\000\040\000B\000F\000R\000\040\000n\000\351\000g\000a\000t\000i\000f}{section.4.3}% 73
\BOOKMARK [2][-]{subsection.4.3.3}{\376\377\000F\000R\000\040\000n\000\351\000g\000a\000t\000i\000f\000\040\000e\000t\000\040\000B\000F\000R\000\040\000p\000o\000s\000i\000t\000i\000f}{section.4.3}% 74
\BOOKMARK [2][-]{subsection.4.3.4}{\376\377\000F\000R\000\040\000p\000o\000s\000i\000t\000i\000f\000\040\000e\000t\000\040\000B\000F\000R\000\040\000n\000\351\000g\000a\000t\000i\000f}{section.4.3}% 75
\BOOKMARK [2][-]{subsection.4.3.5}{\376\377\000F\000R\000\040\000n\000u\000l\000\040\000e\000t\000\040\000B\000F\000R\000\040\000p\000o\000s\000i\000t\000i\000f}{section.4.3}% 76
\BOOKMARK [1][-]{section.4.4}{\376\377\000C\000o\000n\000c\000l\000u\000s\000i\000o\000n}{chapter.4}% 77
\BOOKMARK [1][-]{section.4.5}{\376\377\000A\000n\000n\000e\000x\000e\000\040\000:\000\040\000d\000\351\000f\000i\000n\000i\000t\000i\000o\000n\000s}{chapter.4}% 78
\BOOKMARK [2][-]{subsection.4.5.1}{\376\377\000D\000\351\000f\000i\000n\000i\000t\000i\000o\000n\000\040\000d\000e\000s\000\040\000E\000E\000N\000E}{section.4.5}% 79
\BOOKMARK [2][-]{subsection.4.5.2}{\376\377\000D\000\351\000f\000i\000n\000i\000t\000i\000o\000n\000\040\000d\000e\000\040\000m\000o\000b\000i\000l\000i\000s\000a\000t\000i\000o\000n\000\040\000"\000D\000a\000i\000l\000l\000y\000"}{section.4.5}% 80
