\BOOKMARK [1][-]{section.0.1}{\376\377\000I\000n\000t\000r\000o\000d\000u\000c\000t\000i\000o\000n}{}% 1
\BOOKMARK [1][-]{section.0.2}{\376\377\000Q\000u\000e\000l\000\040\000t\000y\000p\000e\000\040\000d\040\031\000e\000n\000t\000r\000e\000p\000r\000i\000s\000e\000\040\000?}{}% 2
\BOOKMARK [1][-]{section.0.3}{\376\377\000Q\000u\000i\000\040\000p\000r\000e\000n\000d\000\040\000l\000e\000s\000\040\000d\000\351\000c\000i\000s\000i\000o\000n\000s\000\040\000?}{}% 3
\BOOKMARK [0][-]{chapter.1}{\376\377\000\311\000v\000a\000l\000u\000a\000t\000i\000o\000n\000\040\000d\040\031\000u\000n\000\040\000p\000r\000o\000j\000e\000t}{}% 4
\BOOKMARK [1][-]{section.1.1}{\376\377\000P\000r\000i\000n\000c\000i\000p\000e\000s\000\040\000d\000e\000\040\000l\040\031\000\351\000v\000a\000l\000u\000a\000t\000i\000o\000n}{chapter.1}% 5
\BOOKMARK [1][-]{section.1.2}{\376\377\000V\000o\000y\000a\000g\000e\000\040\000d\000a\000n\000s\000\040\000l\000e\000\040\000f\000u\000t\000u\000r}{chapter.1}% 6
\BOOKMARK [1][-]{section.1.3}{\376\377\000V\000a\000l\000e\000u\000r\000\040\000d\000'\000u\000n\000e\000\040\000s\000\351\000q\000u\000e\000n\000c\000e\000\040\000d\000e\000\040\000f\000l\000u\000x}{chapter.1}% 7
\BOOKMARK [2][-]{subsection.1.3.1}{\376\377\000E\000x\000e\000r\000c\000i\000c\000e}{section.1.3}% 8
\BOOKMARK [1][-]{section.1.4}{\376\377\000C\000a\000s\000\040\000l\000e\000s\000\040\000p\000l\000u\000s\000\040\000u\000s\000u\000e\000l\000s}{chapter.1}% 9
\BOOKMARK [2][-]{subsection.1.4.1}{\376\377\000L\000e\000s\000\040\000a\000n\000n\000u\000i\000t\000\351\000s\000\040\000c\000o\000n\000s\000t\000a\000n\000t\000e\000s}{section.1.4}% 10
\BOOKMARK [2][-]{subsection.1.4.2}{\376\377\000L\000e\000s\000\040\000r\000e\000n\000t\000e\000s\000\040\000p\000e\000r\000p\000\351\000t\000u\000e\000l\000l\000e\000s\000\040\000c\000o\000n\000s\000t\000a\000n\000t\000e\000s}{section.1.4}% 11
\BOOKMARK [2][-]{subsection.1.4.3}{\376\377\000L\000e\000s\000\040\000a\000n\000n\000u\000i\000t\000\351\000s\000\040\000c\000r\000o\000i\000s\000s\000a\000n\000t\000e\000s}{section.1.4}% 12
\BOOKMARK [2][-]{subsection.1.4.4}{\376\377\000L\000e\000s\000\040\000r\000e\000n\000t\000e\000s\000\040\000p\000e\000r\000p\000\351\000t\000u\000e\000l\000l\000e\000s\000\040\000c\000r\000o\000i\000s\000s\000a\000n\000t\000e\000s}{section.1.4}% 13
\BOOKMARK [1][-]{section.1.5}{\376\377\000V\000a\000l\000e\000u\000r\000\040\000d\040\031\000u\000n\000e\000\040\000s\000\351\000q\000u\000e\000n\000c\000e\000\040\000d\000e\000\040\000f\000l\000u\000x}{chapter.1}% 14
\BOOKMARK [2][-]{subsection.1.5.1}{\376\377\000E\000x\000e\000m\000p\000l\000e}{section.1.5}% 15
\BOOKMARK [1][-]{section.1.6}{\376\377\000C\000a\000l\000c\000u\000l\000e\000r\000\040\000l\000e\000\040\000t\000a\000u\000x\000\040\000d\000e\000\040\000r\000e\000n\000t\000a\000b\000i\000l\000i\000t\000\351\000\040\000i\000n\000t\000e\000r\000n\000e\000\040\000\050\000T\000R\000I\000\051}{chapter.1}% 16
\BOOKMARK [1][-]{section.1.7}{\376\377\000Q\000u\000e\000l\000\040\000t\000a\000u\000x\000\040\000d\000'\000a\000c\000t\000u\000a\000l\000i\000s\000a\000t\000i\000o\000n\000\040\000r\000e\000t\000e\000n\000i\000r\000\040\000?}{chapter.1}% 17
\BOOKMARK [1][-]{section.1.8}{\376\377\000V\000A\000N\000\040\000e\000t\000\040\000s\000t\000r\000u\000c\000t\000u\000r\000e\000\040\000p\000a\000r\000\040\000t\000e\000r\000m\000e\000\040\000d\000e\000s\000\040\000t\000a\000u\000x}{chapter.1}% 18
\BOOKMARK [1][-]{section.1.9}{\376\377\000V\000a\000l\000e\000u\000r\000\040\000d\000'\000\040\000u\000n\000e\000\040\000s\000\351\000q\000u\000e\000n\000c\000e\000\040\000d\000e\000\040\000f\000l\000u\000x}{chapter.1}% 19
\BOOKMARK [2][-]{subsection.1.9.1}{\376\377\000E\000x\000e\000r\000c\000i\000c\000e}{section.1.9}% 20
\BOOKMARK [1][-]{section.1.10}{\376\377\000R\000i\000s\000q\000u\000e\000\040\000e\000t\000\040\000t\000a\000u\000x\000\040\000d\000'\000i\000n\000t\000\351\000r\000\352\000t}{chapter.1}% 21
\BOOKMARK [1][-]{section.1.11}{\376\377\000L\000e\000\040\000c\000o\000\373\000t\000\040\000d\000u\000\040\000c\000a\000p\000i\000t\000a\000l}{chapter.1}% 22
\BOOKMARK [2][-]{subsection.1.11.1}{\376\377\000D\000\351\000f\000i\000n\000i\000t\000i\000o\000n}{section.1.11}% 23
\BOOKMARK [2][-]{subsection.1.11.2}{\376\377\000P\000r\000e\000m\000i\000e\000r\000\040\000a\000p\000e\000r\000\347\000u}{section.1.11}% 24
\BOOKMARK [2][-]{subsection.1.11.3}{\376\377\000E\000x\000e\000r\000c\000i\000c\000e}{section.1.11}% 25
\BOOKMARK [2][-]{subsection.1.11.4}{\376\377\000P\000r\000e\000m\000i\000e\000r\000\040\000a\000p\000e\000r\000\347\000u}{section.1.11}% 26
\BOOKMARK [0][-]{chapter.2}{\376\377\000C\000o\000\373\000t\000\040\000d\000u\000\040\000c\000a\000p\000i\000t\000a\000l\000\040\000e\000t\000\040\000r\000i\000s\000q\000u\000e}{}% 27
\BOOKMARK [1][-]{section.2.1}{\376\377\000R\000i\000s\000q\000u\000e\000\040\000e\000t\000\040\000r\000e\000n\000t\000a\000b\000i\000l\000i\000t\000\351}{chapter.2}% 28
\BOOKMARK [1][-]{section.2.2}{\376\377\000R\000i\000s\000q\000u\000e\000\040\000s\000p\000\351\000c\000i\000f\000i\000q\000u\000e\000\040\000e\000t\000\040\000r\000i\000s\000q\000u\000e\000\040\000s\000y\000s\000t\000\351\000m\000a\000t\000i\000q\000u\000e}{chapter.2}% 29
\BOOKMARK [1][-]{section.2.3}{\376\377\000P\000r\000i\000m\000e\000\040\000d\000e\000\040\000r\000i\000s\000q\000u\000e\000,\000\040\000r\000i\000s\000q\000u\000e\000\040\000s\000p\000\351\000c\000i\000f\000i\000q\000u\000e\000\040\000e\000t\000\040\000r\000i\000s\000q\000u\000e\000\040\000s\000y\000s\000t\000\351\000m\000a\000t\000i\000q\000u\000e}{chapter.2}% 30
\BOOKMARK [1][-]{section.2.4}{\376\377\000M\000e\000s\000u\000r\000e\000r\000\040\000l\000e\000\040\000r\000i\000s\000q\000u\000e\000\040\000s\000y\000s\000t\000\351\000m\000a\000t\000i\000q\000u\000e}{chapter.2}% 31
\BOOKMARK [2][-]{subsection.2.4.1}{\376\377\000E\000x\000e\000r\000c\000i\000c\000e}{section.2.4}% 32
\BOOKMARK [2][-]{subsection.2.4.2}{\376\377\000S\000o\000l\000u\000t\000i\000o\000n}{section.2.4}% 33
\BOOKMARK [2][-]{subsection.2.4.3}{\376\377\000E\000x\000e\000r\000c\000i\000c\000e\000\040\000:\000\040\000S\000o\000i\000t\000\040\000l\000e\000s\000\040\000r\000e\000n\000t\000a\000b\000i\000l\000i\000t\000\351\000s\000\040\000a\000n\000n\000u\000e\000l\000l\000e\000s\000\040\000d\000'\000u\000n\000\040\000t\000i\000t\000r\000e\000\040\000s\000u\000r\000\040\000l\000a\000\040\000p\000\351\000r\000i\000o\000d\000e\000\040\0002\0000\0001\0001\000-\0002\0000\0001\0006}{section.2.4}% 34
\BOOKMARK [2][-]{subsection.2.4.4}{\376\377\000S\000o\000l\000u\000t\000i\000o\000n}{section.2.4}% 35
\BOOKMARK [1][-]{section.2.5}{\376\377\000E\000s\000t\000i\000m\000e\000r\000\040\000l\000a\000\040\000p\000r\000i\000m\000e\000\040\000d\000e\000\040\000r\000i\000s\000q\000u\000e}{chapter.2}% 36
\BOOKMARK [1][-]{section.2.6}{\376\377\000R\000i\000s\000q\000u\000e\000\040\000e\000t\000\040\000c\000o\000\373\000t\000\040\000d\000u\000\040\000c\000a\000p\000i\000t\000a\000l}{chapter.2}% 37
\BOOKMARK [2][-]{subsection.2.6.1}{\376\377\000E\000x\000e\000r\000c\000i\000c\000e}{section.2.6}% 38
\BOOKMARK [2][-]{subsection.2.6.2}{\376\377\000S\000o\000l\000u\000t\000i\000o\000n}{section.2.6}% 39
\BOOKMARK [2][-]{subsection.2.6.3}{\376\377\000E\000x\000e\000r\000c\000i\000c\000e}{section.2.6}% 40
\BOOKMARK [2][-]{subsection.2.6.4}{\376\377\000S\000o\000l\000u\000t\000i\000o\000n}{section.2.6}% 41
\BOOKMARK [2][-]{subsection.2.6.5}{\376\377\000E\000x\000e\000r\000c\000i\000c\000e}{section.2.6}% 42
\BOOKMARK [2][-]{subsection.2.6.6}{\376\377\000S\000o\000l\000u\000t\000i\000o\000n}{section.2.6}% 43
\BOOKMARK [2][-]{subsection.2.6.7}{\376\377\000E\000x\000e\000r\000c\000i\000c\000e}{section.2.6}% 44
\BOOKMARK [2][-]{subsection.2.6.8}{\376\377\000S\000o\000l\000u\000t\000i\000o\000n}{section.2.6}% 45
\BOOKMARK [2][-]{subsection.2.6.9}{\376\377\000E\000x\000e\000r\000c\000i\000c\000e}{section.2.6}% 46
\BOOKMARK [2][-]{subsection.2.6.10}{\376\377\000C\000o\000r\000r\000e\000c\000t\000i\000o\000n\000\040\000d\000e\000\040\000l\000'\000e\000x\000e\000r\000c\000i\000c\000e}{section.2.6}% 47
\BOOKMARK [0][-]{chapter.3}{\376\377\000C\000r\000i\000t\000\350\000r\000e\000s\000\040\000d\000e\000\040\000c\000h\000o\000i\000x\000\040\000d\000'\000i\000n\000v\000e\000s\000t\000i\000s\000s\000e\000m\000e\000n\000t}{}% 48
\BOOKMARK [1][-]{section.3.1}{\376\377\000V\000A\000N\000\040\000d\000'\000u\000n\000\040\000p\000r\000o\000j\000e\000t\000\040\000d\040\031\000i\000n\000v\000e\000s\000t\000i\000s\000s\000e\000m\000e\000n\000t}{chapter.3}% 49
\BOOKMARK [1][-]{section.3.2}{\376\377\000L\000e\000\040\000d\000\351\000l\000a\000i\000\040\000d\000e\000\040\000r\000\351\000c\000u\000p\000\351\000r\000a\000t\000i\000o\000n}{chapter.3}% 50
\BOOKMARK [1][-]{section.3.3}{\376\377\000L\000e\000\040\000t\000a\000u\000x\000\040\000d\000e\000\040\000r\000e\000n\000d\000e\000m\000e\000n\000t\000\040\000i\000n\000t\000e\000r\000n\000e}{chapter.3}% 51
\BOOKMARK [1][-]{section.3.4}{\376\377\000P\000r\000o\000j\000e\000t\000s\000\040\000m\000u\000t\000u\000e\000l\000l\000e\000m\000e\000n\000t\000\040\000e\000x\000c\000l\000u\000s\000i\000f\000s}{chapter.3}% 52
