\BOOKMARK [0][-]{chapter.1}{\376\377\000L\000e\000s\000\040\000B\000a\000s\000e\000s\000\040\000d\000e\000s\000\040\000M\000a\000c\000r\000o\000s\000\040\000e\000t\000\040\000d\000e\000s\000\040\000F\000o\000n\000c\000t\000i\000o\000n\000s}{}% 1
\BOOKMARK [1][-]{section.1.1}{\376\377\000I\000n\000t\000r\000o\000d\000u\000c\000t\000i\000o\000n\000\040\000\340\000\040\000V\000B\000A}{chapter.1}% 2
\BOOKMARK [1][-]{section.1.2}{\376\377\000S\000t\000r\000u\000c\000t\000u\000r\000e\000\040\000d\000'\000u\000n\000\040\000C\000o\000d\000e\000\040\000V\000B\000A}{chapter.1}% 3
\BOOKMARK [2][-]{subsection.1.2.1}{\376\377\000L\000e\000s\000\040\000M\000a\000c\000r\000o\000s\000\040\000\050\000S\000u\000b\000r\000o\000u\000t\000i\000n\000e\000s\000\051}{section.1.2}% 4
\BOOKMARK [2][-]{subsection.1.2.2}{\376\377\000L\000e\000s\000\040\000F\000o\000n\000c\000t\000i\000o\000n\000s}{section.1.2}% 5
\BOOKMARK [2][-]{subsection.1.2.3}{\376\377\000D\000i\000f\000f\000\351\000r\000e\000n\000c\000e\000\040\000e\000n\000t\000r\000e\000\040\000S\000u\000b\000\040\000e\000t\000\040\000F\000u\000n\000c\000t\000i\000o\000n}{section.1.2}% 6
\BOOKMARK [1][-]{section.1.3}{\376\377\000C\000o\000m\000m\000e\000n\000t\000\040\000U\000t\000i\000l\000i\000s\000e\000r\000\040\000l\000e\000s\000\040\000M\000a\000c\000r\000o\000s\000\040\000e\000t\000\040\000l\000e\000s\000\040\000F\000o\000n\000c\000t\000i\000o\000n\000s}{chapter.1}% 7
\BOOKMARK [2][-]{subsection.1.3.1}{\376\377\000E\000x\000\351\000c\000u\000t\000i\000o\000n\000\040\000d\000'\000u\000n\000e\000\040\000m\000a\000c\000r\000o}{section.1.3}% 8
\BOOKMARK [2][-]{subsection.1.3.2}{\376\377\000U\000t\000i\000l\000i\000s\000a\000t\000i\000o\000n\000\040\000d\000'\000u\000n\000e\000\040\000f\000o\000n\000c\000t\000i\000o\000n\000\040\000d\000a\000n\000s\000\040\000u\000n\000e\000\040\000c\000e\000l\000l\000u\000l\000e\000\040\000E\000x\000c\000e\000l}{section.1.3}% 9
\BOOKMARK [1][-]{section.1.4}{\376\377\000R\000\351\000s\000u\000m\000\351}{chapter.1}% 10
\BOOKMARK [1][-]{section.1.5}{\376\377\000C\000o\000n\000c\000l\000u\000s\000i\000o\000n}{chapter.1}% 11
\BOOKMARK [0][-]{chapter.2}{\376\377\000U\000t\000i\000l\000i\000s\000a\000t\000i\000o\000n\000\040\000d\000e\000\040\000l\000a\000\040\000f\000o\000n\000c\000t\000i\000o\000n\000\040\000M\000s\000g\000B\000o\000x\000\040\000e\000n\000\040\000V\000B\000A}{}% 12
\BOOKMARK [1][-]{section.2.1}{\376\377\000E\000x\000e\000m\000p\000l\000e\000\040\000s\000i\000m\000p\000l\000e\000\040\000d\000e\000\040\000M\000s\000g\000B\000o\000x}{chapter.2}% 13
\BOOKMARK [1][-]{section.2.2}{\376\377\000P\000e\000r\000s\000o\000n\000n\000a\000l\000i\000s\000a\000t\000i\000o\000n\000\040\000d\000e\000\040\000M\000s\000g\000B\000o\000x}{chapter.2}% 14
\BOOKMARK [1][-]{section.2.3}{\376\377\000R\000e\000t\000o\000u\000r\000\040\000\340\000\040\000l\000a\000\040\000l\000i\000g\000n\000e\000\040\000d\000a\000n\000s\000\040\000M\000s\000g\000B\000o\000x}{chapter.2}% 15
\BOOKMARK [1][-]{section.2.4}{\376\377\000C\000o\000n\000f\000i\000r\000m\000a\000t\000i\000o\000n\000\040\000a\000v\000e\000c\000\040\000M\000s\000g\000B\000o\000x}{chapter.2}% 16
\BOOKMARK [1][-]{section.2.5}{\376\377\000E\000x\000e\000m\000p\000l\000e\000\040\000a\000v\000a\000n\000c\000\351\000\040\000:\000\040\000M\000i\000s\000e\000\040\000e\000n\000\040\000c\000o\000u\000l\000e\000u\000r\000\040\000a\000u\000t\000o\000m\000a\000t\000i\000q\000u\000e}{chapter.2}% 17
\BOOKMARK [0][-]{chapter.3}{\376\377\000G\000e\000s\000t\000i\000o\000n\000\040\000d\000e\000s\000\040\000e\000r\000r\000e\000u\000r\000s\000\040\000e\000t\000\040\000a\000f\000f\000i\000c\000h\000a\000g\000e\000\040\000d\000e\000s\000\040\000i\000n\000f\000o\000r\000m\000a\000t\000i\000o\000n\000s\000\040\000d\000'\000u\000n\000\040\000p\000a\000y\000s}{}% 18
\BOOKMARK [1][-]{section.3.1}{\376\377\000T\000h\000\351\000o\000r\000i\000e\000\040\000:\000\040\000L\000e\000s\000\040\000n\000o\000t\000i\000o\000n\000s\000\040\000a\000b\000o\000r\000d\000\351\000e\000s}{chapter.3}% 19
\BOOKMARK [2][-]{subsection.3.1.1}{\376\377\000L\000a\000\040\000g\000e\000s\000t\000i\000o\000n\000\040\000d\000e\000s\000\040\000e\000r\000r\000e\000u\000r\000s}{section.3.1}% 20
\BOOKMARK [2][-]{subsection.3.1.2}{\376\377\000L\000e\000s\000\040\000i\000n\000t\000e\000r\000a\000c\000t\000i\000o\000n\000s\000\040\000u\000t\000i\000l\000i\000s\000a\000t\000e\000u\000r}{section.3.1}% 21
\BOOKMARK [2][-]{subsection.3.1.3}{\376\377\000L\000a\000\040\000g\000e\000s\000t\000i\000o\000n\000\040\000d\000e\000s\000\040\000p\000l\000a\000g\000e\000s\000\040\000d\000e\000\040\000d\000o\000n\000n\000\351\000e\000s}{section.3.1}% 22
\BOOKMARK [1][-]{section.3.2}{\376\377\000E\000x\000e\000m\000p\000l\000e\000s\000\040\000p\000r\000a\000t\000i\000q\000u\000e\000s\000\040\000a\000v\000e\000c\000\040\000e\000x\000p\000l\000i\000c\000a\000t\000i\000o\000n\000s}{chapter.3}% 23
\BOOKMARK [2][-]{subsection.3.2.1}{\376\377\000E\000x\000e\000m\000p\000l\000e\000\040\0001\000\040\000:\000\040\000G\000e\000s\000t\000i\000o\000n\000\040\000d\000e\000s\000\040\000e\000r\000r\000e\000u\000r\000s\000\040\000a\000v\000e\000c\000\040\000T\000y\000p\000e\000V\000a\000l}{section.3.2}% 24
\BOOKMARK [2][-]{subsection.3.2.2}{\376\377\000E\000x\000e\000m\000p\000l\000e\000\040\0002\000\040\000:\000\040\000A\000f\000f\000i\000c\000h\000a\000g\000e\000\040\000d\000e\000s\000\040\000i\000n\000f\000o\000r\000m\000a\000t\000i\000o\000n\000s\000\040\000d\000'\000u\000n\000\040\000p\000a\000y\000s}{section.3.2}% 25
\BOOKMARK [1][-]{section.3.3}{\376\377\000C\000o\000n\000c\000l\000u\000s\000i\000o\000n}{chapter.3}% 26
\BOOKMARK [0][-]{chapter.4}{\376\377\000I\000n\000t\000r\000o\000d\000u\000c\000t\000i\000o\000n\000\040\000a\000u\000x\000\040\000V\000a\000r\000i\000a\000b\000l\000e\000s\000\040\000e\000n\000\040\000V\000B\000A}{}% 27
\BOOKMARK [1][-]{section.4.1}{\376\377\000D\000\351\000c\000l\000a\000r\000a\000t\000i\000o\000n\000\040\000d\000e\000s\000\040\000V\000a\000r\000i\000a\000b\000l\000e\000s\000\040\000e\000t\000\040\000P\000o\000r\000t\000\351\000e}{chapter.4}% 28
\BOOKMARK [1][-]{section.4.2}{\376\377\000V\000a\000r\000i\000a\000b\000l\000e\000s\000\040\000\340\000\040\000L\000o\000n\000g\000u\000e\000u\000r\000\040\000F\000i\000x\000e}{chapter.4}% 29
\BOOKMARK [0][-]{chapter.5}{\376\377\000L\000e\000s\000\040\000B\000o\000u\000c\000l\000e\000s\000\040\000F\000o\000r\000\040\000e\000t\000\040\000W\000h\000i\000l\000e}{}% 30
\BOOKMARK [1][-]{section.5.1}{\376\377\000I\000n\000t\000r\000o\000d\000u\000c\000t\000i\000o\000n}{chapter.5}% 31
\BOOKMARK [1][-]{section.5.2}{\376\377\000L\000a\000\040\000B\000o\000u\000c\000l\000e\000\040\000F\000o\000r}{chapter.5}% 32
\BOOKMARK [1][-]{section.5.3}{\376\377\000L\000a\000\040\000B\000o\000u\000c\000l\000e\000\040\000D\000o\000\040\000W\000h\000i\000l\000e}{chapter.5}% 33
\BOOKMARK [1][-]{section.5.4}{\376\377\000C\000o\000m\000p\000a\000r\000a\000i\000s\000o\000n\000\040\000e\000n\000t\000r\000e\000\040\000F\000o\000r\000\040\000e\000t\000\040\000D\000o\000\040\000W\000h\000i\000l\000e}{chapter.5}% 34
\BOOKMARK [1][-]{section.5.5}{\376\377\000E\000x\000e\000m\000p\000l\000e\000\040\000C\000o\000m\000b\000i\000n\000\351\000\040\000:\000\040\000F\000o\000r\000\040\000e\000t\000\040\000D\000o\000\040\000W\000h\000i\000l\000e}{chapter.5}% 35
\BOOKMARK [1][-]{section.5.6}{\376\377\000B\000o\000n\000n\000e\000s\000\040\000P\000r\000a\000t\000i\000q\000u\000e\000s}{chapter.5}% 36
\BOOKMARK [1][-]{section.5.7}{\376\377\000C\000o\000n\000c\000l\000u\000s\000i\000o\000n}{chapter.5}% 37
\BOOKMARK [0][-]{chapter.6}{\376\377\000L\000'\000i\000n\000s\000t\000r\000u\000c\000t\000i\000o\000n\000\040\000W\000i\000t\000h\000\040\000.\000.\000.\000\040\000E\000n\000d\000\040\000W\000i\000t\000h}{}% 38
\BOOKMARK [1][-]{section.6.1}{\376\377\000I\000n\000t\000r\000o\000d\000u\000c\000t\000i\000o\000n}{chapter.6}% 39
\BOOKMARK [1][-]{section.6.2}{\376\377\000S\000y\000n\000t\000a\000x\000e}{chapter.6}% 40
\BOOKMARK [1][-]{section.6.3}{\376\377\000E\000x\000e\000m\000p\000l\000e\000\040\000d\000e\000\040\000B\000a\000s\000e}{chapter.6}% 41
\BOOKMARK [1][-]{section.6.4}{\376\377\000A\000v\000a\000n\000t\000a\000g\000e\000s}{chapter.6}% 42
\BOOKMARK [1][-]{section.6.5}{\376\377\000E\000x\000e\000m\000p\000l\000e\000\040\000a\000v\000e\000c\000\040\000d\000e\000s\000\040\000O\000b\000j\000e\000t\000s\000\040\000M\000u\000l\000t\000i\000p\000l\000e\000s}{chapter.6}% 43
\BOOKMARK [1][-]{section.6.6}{\376\377\000B\000o\000n\000n\000e\000s\000\040\000P\000r\000a\000t\000i\000q\000u\000e\000s}{chapter.6}% 44
\BOOKMARK [1][-]{section.6.7}{\376\377\000E\000x\000e\000m\000p\000l\000e\000\040\000C\000o\000m\000p\000l\000e\000t\000\040\000:\000\040\000M\000i\000s\000e\000\040\000e\000n\000\040\000F\000o\000r\000m\000e\000\040\000e\000t\000\040\000V\000a\000l\000e\000u\000r\000s}{chapter.6}% 45
\BOOKMARK [1][-]{section.6.8}{\376\377\000C\000o\000n\000c\000l\000u\000s\000i\000o\000n}{chapter.6}% 46
\BOOKMARK [0][-]{chapter.7}{\376\377\000M\000a\000n\000i\000p\000u\000l\000a\000t\000i\000o\000n\000\040\000d\000e\000\040\000D\000o\000n\000n\000\351\000e\000s}{}% 47
\BOOKMARK [1][-]{section.7.1}{\376\377\000C\000a\000l\000c\000u\000l\000s\000\040\000e\000t\000\040\000O\000p\000\351\000r\000a\000t\000i\000o\000n\000s\000\040\000d\000e\000\040\000B\000a\000s\000e}{chapter.7}% 48
\BOOKMARK [1][-]{section.7.2}{\376\377\000F\000o\000r\000m\000a\000t\000a\000g\000e\000\040\000e\000t\000\040\000B\000o\000u\000c\000l\000e\000s}{chapter.7}% 49
\BOOKMARK [0][-]{chapter.8}{\376\377\000F\000o\000n\000c\000t\000i\000o\000n\000s\000\040\000P\000e\000r\000s\000o\000n\000n\000a\000l\000i\000s\000\351\000e\000s\000\040\000e\000t\000\040\000B\000o\000u\000c\000l\000e\000s}{}% 50
\BOOKMARK [1][-]{section.8.1}{\376\377\000F\000o\000n\000c\000t\000i\000o\000n\000s\000\040\000P\000e\000r\000s\000o\000n\000n\000a\000l\000i\000s\000\351\000e\000s}{chapter.8}% 51
\BOOKMARK [1][-]{section.8.2}{\376\377\000P\000r\000o\000c\000\351\000d\000u\000r\000e\000\040\000a\000v\000e\000c\000\040\000B\000o\000u\000c\000l\000e\000s}{chapter.8}% 52
\BOOKMARK [0][-]{chapter.9}{\376\377\000M\000i\000s\000e\000\040\000e\000n\000\040\000F\000o\000r\000m\000e}{}% 53
\BOOKMARK [0][-]{chapter.10}{\376\377\000F\000o\000n\000c\000t\000i\000o\000n\000s\000,\000\040\000M\000\351\000t\000h\000o\000d\000e\000s\000\040\000e\000t\000\040\000B\000o\000u\000c\000l\000e\000s\000\040\000e\000n\000\040\000V\000B\000A}{}% 54
\BOOKMARK [1][-]{section.10.1}{\376\377\000F\000o\000n\000c\000t\000i\000o\000n\000s\000\040\000I\000n\000t\000\351\000g\000r\000\351\000e\000s\000\040\000d\000a\000n\000s\000\040\000V\000B\000A}{chapter.10}% 55
\BOOKMARK [2][-]{subsection.10.1.1}{\376\377\000F\000o\000n\000c\000t\000i\000o\000n\000\040\000I\000n\000S\000t\000r}{section.10.1}% 56
\BOOKMARK [2][-]{subsection.10.1.2}{\376\377\000F\000o\000n\000c\000t\000i\000o\000n\000\040\000C\000h\000r}{section.10.1}% 57
\BOOKMARK [2][-]{subsection.10.1.3}{\376\377\000F\000o\000n\000c\000t\000i\000o\000n\000s\000\040\000d\000e\000\040\000g\000e\000s\000t\000i\000o\000n\000\040\000d\000e\000s\000\040\000d\000a\000t\000e\000s}{section.10.1}% 58
\BOOKMARK [2][-]{subsection.10.1.4}{\376\377\000F\000o\000n\000c\000t\000i\000o\000n\000\040\000R\000o\000u\000n\000d}{section.10.1}% 59
\BOOKMARK [2][-]{subsection.10.1.5}{\376\377\000L\000a\000\040\000m\000\351\000t\000h\000o\000d\000e\000\040\000O\000f\000f\000s\000e\000t\000\040\000e\000n\000\040\000V\000B\000A}{section.10.1}% 60
\BOOKMARK [2][-]{subsection.10.1.6}{\376\377\000A\000u\000t\000r\000e\000s\000\040\000f\000o\000n\000c\000t\000i\000o\000n\000s\000\040\000u\000t\000i\000l\000e\000s}{section.10.1}% 61
\BOOKMARK [1][-]{section.10.2}{\376\377\000L\000e\000s\000\040\000B\000o\000u\000c\000l\000e\000s\000\040\000e\000n\000\040\000V\000B\000A}{chapter.10}% 62
\BOOKMARK [2][-]{subsection.10.2.1}{\376\377\000B\000o\000u\000c\000l\000e\000\040\000W\000h\000i\000l\000e\000.\000.\000.\000W\000e\000n\000d}{section.10.2}% 63
\BOOKMARK [2][-]{subsection.10.2.2}{\376\377\000B\000o\000u\000c\000l\000e\000\040\000D\000o\000\040\000U\000n\000t\000i\000l\000.\000.\000.\000L\000o\000o\000p}{section.10.2}% 64
\BOOKMARK [2][-]{subsection.10.2.3}{\376\377\000B\000o\000u\000c\000l\000e\000\040\000F\000o\000r\000\040\000E\000a\000c\000h\000.\000.\000.\000N\000e\000x\000t}{section.10.2}% 65
\BOOKMARK [0][-]{chapter.11}{\376\377\000R\000\351\000i\000n\000i\000t\000i\000a\000l\000i\000s\000a\000t\000i\000o\000n\000\040\000d\000e\000\040\000d\000o\000n\000n\000\351\000e\000s\000\040\000a\000v\000e\000c\000\040\000l\000e\000s\000\040\000m\000\351\000t\000h\000o\000d\000e\000s\000\040\000C\000l\000e\000a\000r}{}% 66
\BOOKMARK [1][-]{section.11.1}{\376\377\000M\000\351\000t\000h\000o\000d\000e\000s\000\040\000p\000r\000i\000n\000c\000i\000p\000a\000l\000e\000s\000\040\000d\000e\000\040\000C\000l\000e\000a\000r}{chapter.11}% 67
\BOOKMARK [1][-]{section.11.2}{\376\377\000E\000x\000e\000m\000p\000l\000e\000\040\000p\000r\000a\000t\000i\000q\000u\000e}{chapter.11}% 68
\BOOKMARK [1][-]{section.11.3}{\376\377\000A\000p\000p\000l\000i\000c\000a\000t\000i\000o\000n\000s\000\040\000p\000r\000a\000t\000i\000q\000u\000e\000s}{chapter.11}% 69
\BOOKMARK [0][-]{chapter.12}{\376\377\000M\000a\000n\000i\000p\000u\000l\000a\000t\000i\000o\000n\000\040\000d\000e\000\040\000t\000e\000x\000t\000e\000\040\000a\000v\000e\000c\000\040\000M\000i\000d\000,\000\040\000L\000e\000n\000,\000\040\000L\000e\000f\000t\000,\000\040\000e\000t\000\040\000R\000i\000g\000h\000t}{}% 70
\BOOKMARK [1][-]{section.12.1}{\376\377\000P\000r\000\351\000s\000e\000n\000t\000a\000t\000i\000o\000n\000\040\000d\000e\000s\000\040\000f\000o\000n\000c\000t\000i\000o\000n\000s}{chapter.12}% 71
\BOOKMARK [1][-]{section.12.2}{\376\377\000E\000x\000e\000m\000p\000l\000e\000\040\000p\000r\000a\000t\000i\000q\000u\000e}{chapter.12}% 72
\BOOKMARK [1][-]{section.12.3}{\376\377\000A\000p\000p\000l\000i\000c\000a\000t\000i\000o\000n\000s\000\040\000p\000r\000a\000t\000i\000q\000u\000e\000s}{chapter.12}% 73
\BOOKMARK [1][-]{section.12.4}{\376\377\000R\000\351\000s\000u\000m\000\351\000\040\000d\000e\000s\000\040\000f\000o\000n\000c\000t\000i\000o\000n\000s\000\040\000u\000t\000i\000l\000i\000s\000\351\000e\000s}{chapter.12}% 74
\BOOKMARK [0][-]{chapter.13}{\376\377\000C\000l\000a\000s\000s\000i\000f\000i\000c\000a\000t\000i\000o\000n\000\040\000d\000e\000s\000\040\000n\000o\000t\000e\000s\000\040\000d\000'\000a\000g\000e\000n\000c\000e}{}% 75
\BOOKMARK [1][-]{section.13.1}{\376\377\000U\000t\000i\000l\000i\000s\000a\000t\000i\000o\000n\000\040\000d\000e\000\040\000S\000e\000l\000e\000c\000t\000\040\000C\000a\000s\000e}{chapter.13}% 76
\BOOKMARK [1][-]{section.13.2}{\376\377\000U\000t\000i\000l\000i\000s\000a\000t\000i\000o\000n\000\040\000d\000e\000\040\000I\000I\000f\000\040\000d\000a\000n\000s\000\040\000u\000n\000e\000\040\000f\000o\000n\000c\000t\000i\000o\000n\000\040\000p\000e\000r\000s\000o\000n\000n\000a\000l\000i\000s\000\351\000e}{chapter.13}% 77
\BOOKMARK [1][-]{section.13.3}{\376\377\000A\000p\000p\000l\000i\000c\000a\000t\000i\000o\000n\000s\000\040\000p\000r\000a\000t\000i\000q\000u\000e\000s}{chapter.13}% 78
\BOOKMARK [1][-]{section.13.4}{\376\377\000R\000\351\000s\000u\000m\000\351\000\040\000d\000e\000s\000\040\000t\000e\000c\000h\000n\000i\000q\000u\000e\000s\000\040\000u\000t\000i\000l\000i\000s\000\351\000e\000s}{chapter.13}% 79
